<?xml version="1.0" encoding="UTF-8"?>
<!-- Generated by org.testng.reporters.JUnitReportReporter -->
<testsuite hostname="Anish-PC" failures="0" tests="14" name="testRunner.TestNGTestRunner" time="12.801" errors="0" timestamp="2023-11-12T22:05:36 CST" skipped="0">
  <testcase classname="testRunner.TestNGTestRunner" name="runScenario" time="0.407"/>
  <testcase classname="testRunner.TestNGTestRunner" name="runScenario" time="0.693"/>
  <testcase classname="testRunner.TestNGTestRunner" name="runScenario" time="0.287"/>
  <testcase classname="testRunner.TestNGTestRunner" name="runScenario" time="0.298"/>
  <testcase classname="testRunner.TestNGTestRunner" name="runScenario" time="0.251"/>
  <testcase classname="testRunner.TestNGTestRunner" name="runScenario" time="0.378"/>
  <testcase classname="testRunner.TestNGTestRunner" name="runScenario" time="0.384"/>
  <testcase classname="testRunner.TestNGTestRunner" name="runScenario" time="0.603"/>
  <testcase classname="testRunner.TestNGTestRunner" name="runScenario" time="1.669"/>
  <testcase classname="testRunner.TestNGTestRunner" name="runScenario" time="1.468"/>
  <testcase classname="testRunner.TestNGTestRunner" name="runScenario" time="0.344"/>
  <testcase classname="testRunner.TestNGTestRunner" name="runScenario" time="0.987"/>
  <testcase classname="testRunner.TestNGTestRunner" name="runScenario" time="0.281"/>
  <testcase classname="testRunner.TestNGTestRunner" name="runScenario" time="4.751"/>
</testsuite> <!-- testRunner.TestNGTestRunner -->
